1703333674837:help
1703333680949:clear
1703333683099:help
1703333734937:version
1703333740969:history
1703333746235:version
1703333747737:clear
1703333749247:exit
1703349423537:hello-world
1703349432984:help
1703349487645:exit
1703349507035:hello-world
1703349509472:help
1703350374212:exit
1703350442548:payable-amount 10_00_000 7.05 15
1703350459939:payable-amount 1000000 7.05 15
1703350482677:stacktrace
1703350504014:clear
1703350506513:exit
1703351314513:payable-amount 1000000 7.22 15
1703351322971:stacktrace
1703351379627:exit
1703351405617:payable-amount 100000 7.22 15
1703351445226:exit
1703351562357:payable-amount 100000 7.22 15
1703351573240:exit
1703351903936:estimate 10000 9.15 20
1703351944535:help
1703351947275:history
1703351959903:clear
1703351962845:history
1703351965276:help
1703351971931:version
1703351975079:exit
